<?xml version="1.0" encoding="utf-8"?><testsuites name="pytest tests"><testsuite name="pytest" errors="0" failures="0" skipped="0" tests="8" time="11.683" timestamp="2026-05-17T22:42:42.492812+00:00" hostname="agent-env-cbb2ca74-13fb-4f88-b8a3-0d644576e556"><testcase classname="backend.tests.test_community_feature.TestCommunityFeature" name="test_01_get_me_creates_or_returns_profile_with_flags" time="3.713" /><testcase classname="backend.tests.test_community_feature.TestCommunityFeature" name="test_02_nickname_validation_and_uniqueness" time="2.370" /><testcase classname="backend.tests.test_community_feature.TestCommunityFeature" name="test_03_feed_channel_filter" time="2.294" /><testcase classname="backend.tests.test_community_feature.TestCommunityFeature" name="test_04_free_user_post_blocked_plus_required" time="0.108" /><testcase classname="backend.tests.test_community_feature.TestCommunityFeature" name="test_05_premium_trialing_user_can_create_post" time="0.168" /><testcase classname="backend.tests.test_community_feature.TestCommunityFeature" name="test_06_dm_inbox_and_thread_read_flow" time="0.436" /><testcase classname="backend.tests.test_community_feature.TestCommunityFeature" name="test_07_free_user_dm_send_blocked_plus_required" time="0.120" /><testcase classname="backend.tests.test_community_feature.TestCommunityFeature" name="test_08_premium_trialing_user_can_send_dm" time="2.383" /></testsuite></testsuites>