<?xml version="1.0" encoding="utf-8"?><testsuites name="pytest tests"><testsuite name="pytest" errors="0" failures="0" skipped="0" tests="13" time="1.723" timestamp="2026-05-17T11:20:13.953994+00:00" hostname="agent-env-82fe6ec8-95dc-4340-8636-e5b515c85874"><testcase classname="backend.tests.test_onboarding_flow.TestStripeCheckout" name="test_checkout_annual_plan_returns_200" time="0.220" /><testcase classname="backend.tests.test_onboarding_flow.TestStripeCheckout" name="test_checkout_monthly_plan_returns_200" time="0.109" /><testcase classname="backend.tests.test_onboarding_flow.TestStripeCheckout" name="test_checkout_graceful_mock_fallback" time="0.097" /><testcase classname="backend.tests.test_onboarding_flow.TestStripeCheckout" name="test_checkout_mock_true_when_stripe_unconfigured" time="0.108" /><testcase classname="backend.tests.test_onboarding_flow.TestStripeCheckout" name="test_checkout_invalid_plan_returns_400" time="0.098" /><testcase classname="backend.tests.test_onboarding_flow.TestStripeCheckout" name="test_checkout_default_plan_is_annual" time="0.131" /><testcase classname="backend.tests.test_onboarding_flow.TestStripeCheckout" name="test_checkout_response_has_message_when_mock" time="0.116" /><testcase classname="backend.tests.test_onboarding_flow.TestOnboardingQuiz" name="test_quiz_save_full_data_returns_ok" time="0.121" /><testcase classname="backend.tests.test_onboarding_flow.TestOnboardingQuiz" name="test_quiz_save_minimal_data" time="0.094" /><testcase classname="backend.tests.test_onboarding_flow.TestOnboardingQuiz" name="test_quiz_save_empty_payload" time="0.097" /><testcase classname="backend.tests.test_onboarding_flow.TestOnboardingQuiz" name="test_quiz_save_anonymous_no_device_id" time="0.098" /><testcase classname="backend.tests.test_onboarding_flow.TestOnboardingQuiz" name="test_quiz_save_persists_data" time="0.104" /><testcase classname="backend.tests.test_onboarding_flow.TestOnboardingQuiz" name="test_quiz_multiple_calls_idempotent" time="0.143" /></testsuite></testsuites>