<?xml version="1.0" encoding="utf-8"?><testsuites name="pytest tests"><testsuite name="pytest" errors="0" failures="1" skipped="0" tests="7" time="85.306" timestamp="2026-05-17T16:40:25.142708+00:00" hostname="agent-env-cbb2ca74-13fb-4f88-b8a3-0d644576e556"><testcase classname="backend.tests.test_profile_memory_and_stripe.TestStripeCheckoutSession" name="test_checkout_monthly_and_annual_response_shape" time="0.434" /><testcase classname="backend.tests.test_profile_memory_and_stripe.TestStripeCheckoutSession" name="test_checkout_invalid_plan_400" time="0.121" /><testcase classname="backend.tests.test_profile_memory_and_stripe.TestProfileMemoryAndSuggestions" name="test_profile_memory_get_post_roundtrip" time="0.292" /><testcase classname="backend.tests.test_profile_memory_and_stripe.TestProfileMemoryAndSuggestions" name="test_chat_no_profile_suggestion_when_memory_disabled" time="34.067" /><testcase classname="backend.tests.test_profile_memory_and_stripe.TestProfileMemoryAndSuggestions" name="test_chat_profile_suggestion_appears_on_10th_turn_with_memory_enabled" time="49.723"><failure message="AssertionError: {&quot;detail&quot;:&quot;llm_error: Failed to generate chat completion: litellm.BadRequestError: OpenAIException - Budget has been exceeded! Current cost: 1.406583, Max budget: 1.4&quot;}&#10;assert 502 == 200&#10; +  where 502 = &lt;Response [502]&gt;.status_code">backend/tests/test_profile_memory_and_stripe.py:180: in test_chat_profile_suggestion_appears_on_10th_turn_with_memory_enabled
    sug = _generate_suggestion(c)
          ^^^^^^^^^^^^^^^^^^^^^^^
backend/tests/test_profile_memory_and_stripe.py:62: in _generate_suggestion
    last = _post_chat(client, prompt, convo_id)
           ^^^^^^^^^^^^^^^^^^^^^^^^^^^^^^^^^^^^
backend/tests/test_profile_memory_and_stripe.py:36: in _post_chat
    assert r.status_code == 200, r.text
E   AssertionError: {"detail":"llm_error: Failed to generate chat completion: litellm.BadRequestError: OpenAIException - Budget has been exceeded! Current cost: 1.406583, Max budget: 1.4"}
E   assert 502 == 200
E    +  where 502 = &lt;Response [502]&gt;.status_code</failure></testcase><testcase classname="backend.tests.test_profile_memory_and_stripe.TestProfileMemoryAndSuggestions" name="test_confirm_reject_with_seeded_pending_suggestion" time="0.380" /><testcase classname="backend.tests.test_profile_memory_and_stripe.TestProfileMemoryAndSuggestions" name="test_confirm_accept_with_seeded_pending_suggestion_updates_profile" time="0.169" /></testsuite></testsuites>