<?xml version="1.0" encoding="utf-8"?><testsuites name="pytest tests"><testsuite name="pytest" errors="0" failures="0" skipped="0" tests="15" time="35.572" timestamp="2026-05-16T12:21:35.920654+00:00" hostname="agent-env-4364b19a-4fce-4b0d-8e05-81f1897d8897"><testcase classname="backend.tests.test_kompas_backend" name="test_root_ok" time="0.358" /><testcase classname="backend.tests.test_kompas_backend.TestChat" name="test_01_chat_initial_belgian_dutch" time="2.173" /><testcase classname="backend.tests.test_kompas_backend.TestChat" name="test_02_chat_followup_context" time="2.848" /><testcase classname="backend.tests.test_kompas_backend.TestChat" name="test_03_chat_suggest_test_or_followup" time="4.249" /><testcase classname="backend.tests.test_kompas_backend.TestChat" name="test_04_chat_crisis_detection" time="4.979" /><testcase classname="backend.tests.test_kompas_backend.TestConversations" name="test_list_conversations_sorted" time="0.071" /><testcase classname="backend.tests.test_kompas_backend.TestConversations" name="test_get_conversation_with_messages" time="0.071" /><testcase classname="backend.tests.test_kompas_backend.TestConversations" name="test_get_conversation_404" time="0.072" /><testcase classname="backend.tests.test_kompas_backend.TestConversations" name="test_delete_conversation" time="1.982" /><testcase classname="backend.tests.test_kompas_backend.TestNarrative" name="test_narrative_phq9_minimal" time="7.692" /><testcase classname="backend.tests.test_kompas_backend.TestNarrative" name="test_narrative_crisis_mentions_1813" time="10.611" /><testcase classname="backend.tests.test_kompas_backend.TestAssessmentResults" name="test_save_result" time="0.083" /><testcase classname="backend.tests.test_kompas_backend.TestAssessmentResults" name="test_list_results_with_filter" time="0.074" /><testcase classname="backend.tests.test_kompas_backend.TestAssessmentResults" name="test_get_single_result" time="0.071" /><testcase classname="backend.tests.test_kompas_backend.TestAssessmentResults" name="test_get_result_404" time="0.079" /></testsuite></testsuites>