<?xml version="1.0" encoding="utf-8"?><testsuites name="pytest tests"><testsuite name="pytest" errors="0" failures="0" skipped="0" tests="25" time="37.657" timestamp="2026-05-16T13:38:59.657112+00:00" hostname="agent-env-4364b19a-4fce-4b0d-8e05-81f1897d8897"><testcase classname="backend.tests.test_kompas_backend" name="test_root_ok" time="0.294" /><testcase classname="backend.tests.test_kompas_backend.TestChat" name="test_01_chat_initial_belgian_dutch" time="1.884" /><testcase classname="backend.tests.test_kompas_backend.TestChat" name="test_02_chat_followup_context" time="1.753" /><testcase classname="backend.tests.test_kompas_backend.TestChat" name="test_03_chat_suggest_test_or_followup" time="4.662" /><testcase classname="backend.tests.test_kompas_backend.TestChat" name="test_04_chat_crisis_detection" time="8.084" /><testcase classname="backend.tests.test_kompas_backend.TestConversations" name="test_list_conversations_sorted" time="0.050" /><testcase classname="backend.tests.test_kompas_backend.TestConversations" name="test_get_conversation_with_messages" time="0.044" /><testcase classname="backend.tests.test_kompas_backend.TestConversations" name="test_get_conversation_404" time="0.046" /><testcase classname="backend.tests.test_kompas_backend.TestConversations" name="test_delete_conversation" time="1.765" /><testcase classname="backend.tests.test_kompas_backend.TestNarrative" name="test_narrative_phq9_minimal" time="6.727" /><testcase classname="backend.tests.test_kompas_backend.TestNarrative" name="test_narrative_crisis_does_not_mention_1813" time="9.107" /><testcase classname="backend.tests.test_kompas_backend.TestChatNoCrisisCTA" name="test_chat_everyday_problem_no_1813" time="1.734" /><testcase classname="backend.tests.test_kompas_backend.TestAdminAuth" name="test_overview_no_token_401" time="0.167" /><testcase classname="backend.tests.test_kompas_backend.TestAdminAuth" name="test_overview_wrong_token_401" time="0.110" /><testcase classname="backend.tests.test_kompas_backend.TestAdminAuth" name="test_conversations_no_token_401" time="0.110" /><testcase classname="backend.tests.test_kompas_backend.TestAdminAuth" name="test_assessment_results_no_token_401" time="0.101" /><testcase classname="backend.tests.test_kompas_backend.TestAdminEndpoints" name="test_overview_ok" time="0.103" /><testcase classname="backend.tests.test_kompas_backend.TestAdminEndpoints" name="test_admin_list_conversations" time="0.121" /><testcase classname="backend.tests.test_kompas_backend.TestAdminEndpoints" name="test_admin_get_conversation" time="0.137" /><testcase classname="backend.tests.test_kompas_backend.TestAdminEndpoints" name="test_admin_get_conversation_404" time="0.147" /><testcase classname="backend.tests.test_kompas_backend.TestAdminEndpoints" name="test_admin_assessment_results_includes_raw_answers" time="0.128" /><testcase classname="backend.tests.test_kompas_backend.TestAssessmentResults" name="test_save_result" time="0.044" /><testcase classname="backend.tests.test_kompas_backend.TestAssessmentResults" name="test_list_results_with_filter" time="0.080" /><testcase classname="backend.tests.test_kompas_backend.TestAssessmentResults" name="test_get_single_result" time="0.048" /><testcase classname="backend.tests.test_kompas_backend.TestAssessmentResults" name="test_get_result_404" time="0.045" /></testsuite></testsuites>